GROUP,PACKAGE,CLASS,INSTRUCTION_MISSED,INSTRUCTION_COVERED,BRANCH_MISSED,BRANCH_COVERED,LINE_MISSED,LINE_COVERED,COMPLEXITY_MISSED,COMPLEXITY_COVERED,METHOD_MISSED,METHOD_COVERED
order,org.example.order,Book,25,21,0,0,7,8,7,3,7,3
order,org.example.order,CatalogController,43,6,4,0,8,3,4,1,2,1
order,org.example.order,ShoppingCartController,42,0,0,0,12,0,4,0,4,0
order,org.example.order,ShoppingCart,27,8,4,0,9,2,5,1,3,1
order,org.example.order,CatalogClient,6,73,0,0,2,16,0,5,0,5
order,org.example.order,OrderApplication,5,3,0,0,2,1,1,1,1,1
