<?xml version="1.0" encoding="UTF-8"?>
<testsuite xmlns:xsi="http://www.w3.org/2001/XMLSchema-instance" xsi:noNamespaceSchemaLocation="https://maven.apache.org/surefire/maven-surefire-plugin/xsd/surefire-test-report.xsd" version="3.0.2" name="org.example.order.CatalogClientTest" time="2.768" tests="2" errors="0" skipped="0" failures="0">
  <properties>
[...]
</properties>
  <testcase name="testGetBookWithFallback" classname="org.example.order.CatalogClientTest" time="1.09">
    <system-out><![CDATA[2025-01-29T20:07:48.720+01:00  INFO 73302 --- [order] [           main] [                                                 ] t.c.s.AnnotationConfigContextLoaderUtils : Could not detect default configuration classes for test class [org.example.order.CatalogClientTest]: CatalogClientTest does not declare any static, non-private, non-final, nested classes annotated with @Configuration.
2025-01-29T20:07:48.721+01:00  INFO 73302 --- [order] [           main] [                                                 ] .b.t.c.SpringBootTestContextBootstrapper : Found @SpringBootConfiguration org.example.order.OrderApplication for test class org.example.order.CatalogClientTest
2025-01-29T20:07:48.723+01:00  INFO 73302 --- [order] [           main] [                                                 ] o.s.b.d.r.RestartApplicationListener     : Restart disabled due to context in which it is running

  .   ____          _            __ _ _
 /\\ / ___'_ __ _ _(_)_ __  __ _ \ \ \ \
( ( )\___ | '_ | '_| | '_ \/ _` | \ \ \ \
 \\/  ___)| |_)| | | | | || (_| |  ) ) ) )
  '  |____| .__|_| |_|_| |_\__, | / / / /
 =========|_|==============|___/=/_/_/_/

 :: Spring Boot ::                (v3.4.0)

2025-01-29T20:07:48.730+01:00  INFO 73302 --- [order] [           main] [                                                 ] org.example.order.CatalogClientTest      : Starting CatalogClientTest using Java 23.0.2 with PID 73302 (started by Furkan in /Users/Furkan/IdeaProjects/Order)
2025-01-29T20:07:48.730+01:00  INFO 73302 --- [order] [           main] [                                                 ] org.example.order.CatalogClientTest      : No active profile set, falling back to 1 default profile: "default"
2025-01-29T20:07:48.821+01:00  INFO 73302 --- [order] [           main] [                                                 ] .s.d.r.c.RepositoryConfigurationDelegate : Bootstrapping Spring Data JPA repositories in DEFAULT mode.
2025-01-29T20:07:48.823+01:00  INFO 73302 --- [order] [           main] [                                                 ] .s.d.r.c.RepositoryConfigurationDelegate : Finished Spring Data repository scanning in 1 ms. Found 0 JPA repository interfaces.
2025-01-29T20:07:48.925+01:00  INFO 73302 --- [order] [           main] [                                                 ] com.zaxxer.hikari.HikariDataSource       : HikariPool-2 - Starting...
2025-01-29T20:07:48.926+01:00  INFO 73302 --- [order] [           main] [                                                 ] com.zaxxer.hikari.pool.HikariPool        : HikariPool-2 - Added connection conn10: url=jdbc:h2:mem:93983623-b180-42fe-97b0-f00a5d027c4b user=SA
2025-01-29T20:07:48.927+01:00  INFO 73302 --- [order] [           main] [                                                 ] com.zaxxer.hikari.HikariDataSource       : HikariPool-2 - Start completed.
2025-01-29T20:07:48.930+01:00  INFO 73302 --- [order] [           main] [                                                 ] o.hibernate.jpa.internal.util.LogHelper  : HHH000204: Processing PersistenceUnitInfo [name: default]
2025-01-29T20:07:48.931+01:00  INFO 73302 --- [order] [           main] [                                                 ] o.h.c.internal.RegionFactoryInitiator    : HHH000026: Second-level cache disabled
2025-01-29T20:07:48.934+01:00  INFO 73302 --- [order] [           main] [                                                 ] o.s.o.j.p.SpringPersistenceUnitInfo      : No LoadTimeWeaver setup: ignoring JPA class transformer
2025-01-29T20:07:48.935+01:00  INFO 73302 --- [order] [           main] [                                                 ] org.hibernate.orm.connections.pooling    : HHH10001005: Database info:
	Database JDBC URL [Connecting through datasource 'HikariDataSource (HikariPool-2)']
	Database driver: undefined/unknown
	Database version: 2.3.232
	Autocommit mode: undefined/unknown
	Isolation level: undefined/unknown
	Minimum pool size: undefined/unknown
	Maximum pool size: undefined/unknown
2025-01-29T20:07:48.947+01:00  INFO 73302 --- [order] [           main] [                                                 ] o.h.e.t.j.p.i.JtaPlatformInitiator       : HHH000489: No JTA platform available (set 'hibernate.transaction.jta.platform' to enable JTA platform integration)
2025-01-29T20:07:48.949+01:00  INFO 73302 --- [order] [           main] [                                                 ] j.LocalContainerEntityManagerFactoryBean : Initialized JPA EntityManagerFactory for persistence unit 'default'
2025-01-29T20:07:49.089+01:00  WARN 73302 --- [order] [           main] [                                                 ] JpaBaseConfiguration$JpaWebConfiguration : spring.jpa.open-in-view is enabled by default. Therefore, database queries may be performed during view rendering. Explicitly configure spring.jpa.open-in-view to disable this warning
2025-01-29T20:07:49.345+01:00  INFO 73302 --- [order] [           main] [                                                 ] o.s.b.a.e.web.EndpointLinksResolver      : Exposing 26 endpoints beneath base path '/actuator'
2025-01-29T20:07:49.361+01:00  INFO 73302 --- [order] [           main] [                                                 ] org.example.order.CatalogClientTest      : Started CatalogClientTest in 0.639 seconds (process running for 4.674)
]]></system-out>
    <system-err><![CDATA[Fallback für getBook aufgerufen: I/O error on GET request for "http://localhost:8080/api/books/12345": null
]]></system-err>
  </testcase>
  <testcase name="testFindBooksWithFallback" classname="org.example.order.CatalogClientTest" time="1.032">
    <system-err><![CDATA[Fallback für findBooks aufgerufen: I/O error on GET request for "http://localhost:8080/api/books": null
]]></system-err>
  </testcase>
</testsuite>